2025-07-25 10:05:27,099 INFO: Processed and saved: cleaned_csvs\ads_information\ads_and_topics\ads_clicked_cleaned.csv
2025-07-25 10:05:30,948 INFO: Processed and saved: cleaned_csvs\ads_information\ads_and_topics\posts_viewed_cleaned.csv
2025-07-25 10:05:31,681 INFO: Processed and saved: cleaned_csvs\ads_information\ads_and_topics\posts_you're_not_interested_in_cleaned.csv
2025-07-25 10:05:31,710 INFO: Processed and saved: cleaned_csvs\ads_information\ads_and_topics\profiles_you're_not_interested_in_cleaned.csv
2025-07-25 10:05:36,609 INFO: Processed and saved: cleaned_csvs\ads_information\ads_and_topics\videos_watched_cleaned.csv
2025-07-25 10:05:36,620 WARNING: Skipped empty file: instagram_jsons\ads_information\instagram_ads_and_businesses\ads_about_meta.json
2025-07-25 10:05:38,126 INFO: Processed and saved: cleaned_csvs\ads_information\instagram_ads_and_businesses\advertisers_using_your_activity_or_information_cleaned.csv
2025-07-25 10:05:38,128 INFO: Created relational table: cleaned_csvs\ads_information\instagram_ads_and_businesses\advertisers_using_your_activity_or_information_ig_custom_audiences_all_types_5_advertiser_name_table.csv
2025-07-25 10:05:38,129 INFO: Created relational table: cleaned_csvs\ads_information\instagram_ads_and_businesses\advertisers_using_your_activity_or_information_ig_custom_audiences_all_types_555_advertiser_name_table.csv
2025-07-25 10:05:38,131 INFO: Created relational table: cleaned_csvs\ads_information\instagram_ads_and_businesses\advertisers_using_your_activity_or_information_ig_custom_audiences_all_types_998_advertiser_name_table.csv
2025-07-25 10:05:38,133 INFO: Created relational table: cleaned_csvs\ads_information\instagram_ads_and_businesses\advertisers_using_your_activity_or_information_ig_custom_audiences_all_types_1002_advertiser_name_table.csv
2025-07-25 10:05:38,134 INFO: Created relational table: cleaned_csvs\ads_information\instagram_ads_and_businesses\advertisers_using_your_activity_or_information_ig_custom_audiences_all_types_1749_advertiser_name_table.csv
2025-07-25 10:05:38,145 WARNING: Skipped empty file: instagram_jsons\ads_information\instagram_ads_and_businesses\ad_preferences.json
2025-07-25 10:05:38,162 INFO: Processed and saved: cleaned_csvs\ads_information\instagram_ads_and_businesses\information_you've_submitted_to_advertisers_cleaned.csv
2025-07-25 10:05:38,172 WARNING: Skipped empty file: instagram_jsons\ads_information\instagram_ads_and_businesses\other_categories_used_to_reach_you.json
2025-07-25 10:05:38,234 INFO: Processed and saved: cleaned_csvs\apps_and_websites_off_of_instagram\apps_and_websites\your_activity_off_meta_technologies_cleaned.csv
2025-07-25 10:05:38,245 WARNING: Skipped empty file: instagram_jsons\apps_and_websites_off_of_instagram\apps_and_websites\your_activity_off_meta_technologies_settings.json
2025-07-25 10:05:38,976 INFO: Processed and saved: cleaned_csvs\connections\contacts\synced_contacts_cleaned.csv
2025-07-25 10:05:39,026 INFO: Processed and saved: cleaned_csvs\connections\followers_and_following\followers_1_cleaned.csv
2025-07-25 10:05:50,454 INFO: Processed and saved: cleaned_csvs\connections\followers_and_following\following_cleaned.csv
2025-07-25 10:05:50,492 INFO: Processed and saved: cleaned_csvs\connections\followers_and_following\hide_story_from_cleaned.csv
2025-07-25 10:05:50,522 INFO: Processed and saved: cleaned_csvs\connections\followers_and_following\pending_follow_requests_cleaned.csv
2025-07-25 10:05:50,773 INFO: Processed and saved: cleaned_csvs\connections\followers_and_following\recently_unfollowed_profiles_cleaned.csv
2025-07-25 10:05:50,829 INFO: Processed and saved: cleaned_csvs\connections\followers_and_following\recent_follow_requests_cleaned.csv
2025-07-25 10:05:50,869 INFO: Processed and saved: cleaned_csvs\connections\followers_and_following\removed_suggestions_cleaned.csv
2025-07-25 10:05:50,993 INFO: Processed and saved: cleaned_csvs\logged_information\past_instagram_insights\audience_insights_cleaned.csv
2025-07-25 10:05:50,994 INFO: Created relational table: cleaned_csvs\logged_information\past_instagram_insights\audience_insights_organic_insights_audience_0_string_map_data_follower_percentage_by_city_value_table.csv
2025-07-25 10:05:50,996 INFO: Created relational table: cleaned_csvs\logged_information\past_instagram_insights\audience_insights_organic_insights_audience_0_string_map_data_follower_percentage_by_age_for_all_genders_value_table.csv
2025-07-25 10:05:50,998 INFO: Created relational table: cleaned_csvs\logged_information\past_instagram_insights\audience_insights_organic_insights_audience_0_string_map_data_follower_percentage_by_age_for_men_value_table.csv
2025-07-25 10:05:51,000 INFO: Created relational table: cleaned_csvs\logged_information\past_instagram_insights\audience_insights_organic_insights_audience_0_string_map_data_follower_percentage_by_age_for_women_value_table.csv
2025-07-25 10:05:51,099 INFO: Processed and saved: cleaned_csvs\logged_information\past_instagram_insights\content_interactions_cleaned.csv
2025-07-25 10:05:51,140 INFO: Processed and saved: cleaned_csvs\logged_information\past_instagram_insights\live_videos_cleaned.csv
2025-07-25 10:05:51,208 INFO: Processed and saved: cleaned_csvs\logged_information\past_instagram_insights\profiles_reached_cleaned.csv
2025-07-25 10:05:51,210 INFO: Created relational table: cleaned_csvs\logged_information\past_instagram_insights\profiles_reached_organic_insights_reach_0_string_map_data_impressions_value_table.csv
2025-07-25 10:05:51,254 INFO: Processed and saved: cleaned_csvs\logged_information\recent_searches\profile_searches_cleaned.csv
2025-07-25 10:05:51,307 INFO: Processed and saved: cleaned_csvs\personal_information\autofill_information\autofill_information_cleaned.csv
2025-07-25 10:05:51,331 WARNING: Skipped empty file: instagram_jsons\personal_information\autofill_information\in-app_browser_autofill_settings.json
2025-07-25 10:05:51,376 INFO: Processed and saved: cleaned_csvs\personal_information\device_information\camera_information_cleaned.csv
2025-07-25 10:05:51,379 INFO: Created relational table: cleaned_csvs\personal_information\device_information\camera_information_devices_camera_0_string_map_data_supported_sdk_versions_value_table.csv
2025-07-25 10:05:51,502 INFO: Processed and saved: cleaned_csvs\personal_information\device_information\devices_cleaned.csv
2025-07-25 10:05:51,504 INFO: Created relational table: cleaned_csvs\personal_information\device_information\devices_devices_devices_0_string_map_data_user_agent_value_table.csv
2025-07-25 10:05:51,506 INFO: Created relational table: cleaned_csvs\personal_information\device_information\devices_devices_devices_3_string_map_data_user_agent_value_table.csv
2025-07-25 10:05:51,507 INFO: Created relational table: cleaned_csvs\personal_information\device_information\devices_devices_devices_6_string_map_data_user_agent_value_table.csv
2025-07-25 10:05:51,508 INFO: Created relational table: cleaned_csvs\personal_information\device_information\devices_devices_devices_7_string_map_data_user_agent_value_table.csv
2025-07-25 10:05:51,521 WARNING: Skipped empty file: instagram_jsons\personal_information\information_about_you\locations_of_interest.json
2025-07-25 10:05:51,546 INFO: Processed and saved: cleaned_csvs\personal_information\information_about_you\possible_emails_cleaned.csv
2025-07-25 10:05:51,567 INFO: Processed and saved: cleaned_csvs\personal_information\information_about_you\possible_phone_numbers_cleaned.csv
2025-07-25 10:05:51,585 INFO: Processed and saved: cleaned_csvs\personal_information\information_about_you\profile_based_in_cleaned.csv
2025-07-25 10:05:51,606 INFO: Processed and saved: cleaned_csvs\personal_information\personal_information\instagram_friend_map_cleaned.csv
2025-07-25 10:05:51,666 INFO: Processed and saved: cleaned_csvs\personal_information\personal_information\instagram_profile_information_cleaned.csv
2025-07-25 10:05:51,694 INFO: Processed and saved: cleaned_csvs\personal_information\personal_information\notes_cleaned.csv
2025-07-25 10:05:51,721 INFO: Processed and saved: cleaned_csvs\personal_information\personal_information\note_interactions_cleaned.csv
2025-07-25 10:05:51,784 INFO: Processed and saved: cleaned_csvs\personal_information\personal_information\personal_information_cleaned.csv
2025-07-25 10:05:51,809 INFO: Processed and saved: cleaned_csvs\personal_information\personal_information\professional_information_cleaned.csv
2025-07-25 10:05:51,811 INFO: Created relational table: cleaned_csvs\personal_information\personal_information\professional_information_profile_business_0_string_map_data_business_objectives_value_table.csv
2025-07-25 10:05:51,814 INFO: Created relational table: cleaned_csvs\personal_information\personal_information\professional_information_profile_business_0_string_map_data_business_connection_methods_value_table.csv
2025-07-25 10:05:57,785 INFO: Processed and saved: cleaned_csvs\personal_information\personal_information\profile_changes_cleaned.csv
2025-07-25 10:05:57,787 INFO: Created relational table: cleaned_csvs\personal_information\personal_information\profile_changes_profile_profile_change_39_string_map_data_new_value_value_table.csv
2025-07-25 10:05:57,789 INFO: Created relational table: cleaned_csvs\personal_information\personal_information\profile_changes_profile_profile_change_41_string_map_data_previous_value_value_table.csv
2025-07-25 10:05:57,815 INFO: Processed and saved: cleaned_csvs\preferences\settings\comments_allowed_from_cleaned.csv
2025-07-25 10:05:57,826 WARNING: Skipped empty file: instagram_jsons\preferences\settings\consents.json
2025-07-25 10:05:57,843 INFO: Processed and saved: cleaned_csvs\preferences\settings\notification_preferences_cleaned.csv
2025-07-25 10:05:57,868 INFO: Processed and saved: cleaned_csvs\preferences\settings\use_cross-app_messaging_cleaned.csv
2025-07-25 10:05:59,158 INFO: Processed and saved: cleaned_csvs\preferences\your_topics\recommended_topics_cleaned.csv
2025-07-25 10:05:59,199 INFO: Processed and saved: cleaned_csvs\security_and_login_information\login_and_profile_creation\last_known_location_cleaned.csv
2025-07-25 10:06:08,129 INFO: Processed and saved: cleaned_csvs\security_and_login_information\login_and_profile_creation\login_activity_cleaned.csv
2025-07-25 10:06:09,490 INFO: Processed and saved: cleaned_csvs\security_and_login_information\login_and_profile_creation\logout_activity_cleaned.csv
2025-07-25 10:06:09,837 INFO: Processed and saved: cleaned_csvs\security_and_login_information\login_and_profile_creation\password_change_activity_cleaned.csv
2025-07-25 10:06:09,894 INFO: Processed and saved: cleaned_csvs\security_and_login_information\login_and_profile_creation\profile_privacy_changes_cleaned.csv
2025-07-25 10:06:09,936 INFO: Processed and saved: cleaned_csvs\security_and_login_information\login_and_profile_creation\signup_details_cleaned.csv
2025-07-25 10:06:09,969 INFO: Processed and saved: cleaned_csvs\your_instagram_activity\avatars_store\avatar_items_cleaned.csv
2025-07-25 10:06:10,048 INFO: Processed and saved: cleaned_csvs\your_instagram_activity\comments\hype_cleaned.csv
2025-07-25 10:06:10,075 INFO: Processed and saved: cleaned_csvs\your_instagram_activity\comments\post_comments_1_cleaned.csv
2025-07-25 10:06:10,094 INFO: Processed and saved: cleaned_csvs\your_instagram_activity\comments\reels_comments_cleaned.csv
2025-07-25 10:06:10,191 INFO: Processed and saved: cleaned_csvs\your_instagram_activity\likes\liked_comments_cleaned.csv
2025-07-25 10:13:02,247 INFO: Processed and saved: cleaned_csvs\your_instagram_activity\likes\liked_posts_cleaned.csv
2025-07-25 10:13:02,406 INFO: Processed and saved: cleaned_csvs\your_instagram_activity\media\posts_1_cleaned.csv
2025-07-25 10:13:02,427 INFO: Processed and saved: cleaned_csvs\your_instagram_activity\media\profile_photos_cleaned.csv
2025-07-25 10:13:02,451 INFO: Processed and saved: cleaned_csvs\your_instagram_activity\media\recently_deleted_content_cleaned.csv
2025-07-25 10:13:12,544 INFO: Processed and saved: cleaned_csvs\your_instagram_activity\media\stories_cleaned.csv
2025-07-25 10:13:12,547 INFO: Created relational table: cleaned_csvs\your_instagram_activity\media\stories_ig_stories_5_media_metadata_video_metadata_music_genre_table.csv
2025-07-25 10:13:12,549 INFO: Created relational table: cleaned_csvs\your_instagram_activity\media\stories_ig_stories_11_media_metadata_video_metadata_music_genre_table.csv
2025-07-25 10:13:12,550 INFO: Created relational table: cleaned_csvs\your_instagram_activity\media\stories_ig_stories_23_media_metadata_video_metadata_music_genre_table.csv
2025-07-25 10:13:12,552 INFO: Created relational table: cleaned_csvs\your_instagram_activity\media\stories_ig_stories_28_media_metadata_video_metadata_music_genre_table.csv
2025-07-25 10:13:12,554 INFO: Created relational table: cleaned_csvs\your_instagram_activity\media\stories_ig_stories_34_media_metadata_video_metadata_music_genre_table.csv
2025-07-25 10:13:12,555 INFO: Created relational table: cleaned_csvs\your_instagram_activity\media\stories_ig_stories_35_media_metadata_video_metadata_music_genre_table.csv
2025-07-25 10:13:12,557 INFO: Created relational table: cleaned_csvs\your_instagram_activity\media\stories_ig_stories_41_media_metadata_video_metadata_music_genre_table.csv
2025-07-25 10:13:12,559 INFO: Created relational table: cleaned_csvs\your_instagram_activity\media\stories_ig_stories_55_media_metadata_video_metadata_music_genre_table.csv
2025-07-25 10:13:12,561 INFO: Created relational table: cleaned_csvs\your_instagram_activity\media\stories_ig_stories_57_media_metadata_video_metadata_music_genre_table.csv
2025-07-25 10:13:12,562 INFO: Created relational table: cleaned_csvs\your_instagram_activity\media\stories_ig_stories_60_media_metadata_video_metadata_music_genre_table.csv
2025-07-25 10:13:12,564 INFO: Created relational table: cleaned_csvs\your_instagram_activity\media\stories_ig_stories_63_media_metadata_video_metadata_music_genre_table.csv
2025-07-25 10:13:12,566 INFO: Created relational table: cleaned_csvs\your_instagram_activity\media\stories_ig_stories_70_media_metadata_video_metadata_music_genre_table.csv
2025-07-25 10:13:12,567 INFO: Created relational table: cleaned_csvs\your_instagram_activity\media\stories_ig_stories_79_media_metadata_video_metadata_music_genre_table.csv
2025-07-25 10:13:12,569 INFO: Created relational table: cleaned_csvs\your_instagram_activity\media\stories_ig_stories_80_media_metadata_video_metadata_music_genre_table.csv
2025-07-25 10:13:12,571 INFO: Created relational table: cleaned_csvs\your_instagram_activity\media\stories_ig_stories_84_media_metadata_video_metadata_music_genre_table.csv
2025-07-25 10:13:12,572 INFO: Created relational table: cleaned_csvs\your_instagram_activity\media\stories_ig_stories_90_media_metadata_video_metadata_music_genre_table.csv
2025-07-25 10:13:12,575 INFO: Created relational table: cleaned_csvs\your_instagram_activity\media\stories_ig_stories_91_media_metadata_video_metadata_music_genre_table.csv
2025-07-25 10:13:12,576 INFO: Created relational table: cleaned_csvs\your_instagram_activity\media\stories_ig_stories_99_media_metadata_video_metadata_music_genre_table.csv
2025-07-25 10:13:12,578 INFO: Created relational table: cleaned_csvs\your_instagram_activity\media\stories_ig_stories_104_media_metadata_video_metadata_music_genre_table.csv
2025-07-25 10:13:12,579 INFO: Created relational table: cleaned_csvs\your_instagram_activity\media\stories_ig_stories_107_media_metadata_video_metadata_music_genre_table.csv
2025-07-25 10:13:12,582 INFO: Created relational table: cleaned_csvs\your_instagram_activity\media\stories_ig_stories_109_media_metadata_video_metadata_music_genre_table.csv
2025-07-25 10:13:12,583 INFO: Created relational table: cleaned_csvs\your_instagram_activity\media\stories_ig_stories_122_media_metadata_video_metadata_music_genre_table.csv
2025-07-25 10:13:12,585 INFO: Created relational table: cleaned_csvs\your_instagram_activity\media\stories_ig_stories_135_media_metadata_video_metadata_music_genre_table.csv
2025-07-25 10:13:12,586 INFO: Created relational table: cleaned_csvs\your_instagram_activity\media\stories_ig_stories_136_media_metadata_video_metadata_music_genre_table.csv
2025-07-25 10:13:12,588 INFO: Created relational table: cleaned_csvs\your_instagram_activity\media\stories_ig_stories_139_media_metadata_video_metadata_music_genre_table.csv
2025-07-25 10:13:12,590 INFO: Created relational table: cleaned_csvs\your_instagram_activity\media\stories_ig_stories_140_media_metadata_video_metadata_music_genre_table.csv
2025-07-25 10:13:12,591 INFO: Created relational table: cleaned_csvs\your_instagram_activity\media\stories_ig_stories_149_media_metadata_video_metadata_music_genre_table.csv
2025-07-25 10:13:12,593 INFO: Created relational table: cleaned_csvs\your_instagram_activity\media\stories_ig_stories_151_media_metadata_video_metadata_music_genre_table.csv
2025-07-25 10:13:12,595 INFO: Created relational table: cleaned_csvs\your_instagram_activity\media\stories_ig_stories_155_media_metadata_video_metadata_music_genre_table.csv
2025-07-25 10:13:12,596 INFO: Created relational table: cleaned_csvs\your_instagram_activity\media\stories_ig_stories_163_media_metadata_video_metadata_music_genre_table.csv
2025-07-25 10:13:12,598 INFO: Created relational table: cleaned_csvs\your_instagram_activity\media\stories_ig_stories_178_media_metadata_video_metadata_music_genre_table.csv
2025-07-25 10:13:12,599 INFO: Created relational table: cleaned_csvs\your_instagram_activity\media\stories_ig_stories_179_media_metadata_video_metadata_music_genre_table.csv
2025-07-25 10:13:12,601 INFO: Created relational table: cleaned_csvs\your_instagram_activity\media\stories_ig_stories_180_media_metadata_video_metadata_music_genre_table.csv
2025-07-25 10:13:12,602 INFO: Created relational table: cleaned_csvs\your_instagram_activity\media\stories_ig_stories_181_media_metadata_video_metadata_music_genre_table.csv
2025-07-25 10:13:12,604 INFO: Created relational table: cleaned_csvs\your_instagram_activity\media\stories_ig_stories_182_media_metadata_video_metadata_music_genre_table.csv
2025-07-25 10:13:12,606 INFO: Created relational table: cleaned_csvs\your_instagram_activity\media\stories_ig_stories_183_media_metadata_video_metadata_music_genre_table.csv
2025-07-25 10:13:12,608 INFO: Created relational table: cleaned_csvs\your_instagram_activity\media\stories_ig_stories_186_media_metadata_photo_metadata_music_genre_table.csv
2025-07-25 10:13:12,610 INFO: Created relational table: cleaned_csvs\your_instagram_activity\media\stories_ig_stories_189_media_metadata_video_metadata_music_genre_table.csv
2025-07-25 10:13:12,612 INFO: Created relational table: cleaned_csvs\your_instagram_activity\media\stories_ig_stories_190_media_metadata_video_metadata_music_genre_table.csv
2025-07-25 10:13:12,613 INFO: Created relational table: cleaned_csvs\your_instagram_activity\media\stories_ig_stories_192_media_metadata_video_metadata_music_genre_table.csv
2025-07-25 10:13:12,615 INFO: Created relational table: cleaned_csvs\your_instagram_activity\media\stories_ig_stories_193_media_metadata_video_metadata_music_genre_table.csv
2025-07-25 10:13:12,617 INFO: Created relational table: cleaned_csvs\your_instagram_activity\media\stories_ig_stories_194_media_metadata_video_metadata_music_genre_table.csv
2025-07-25 10:13:12,619 INFO: Created relational table: cleaned_csvs\your_instagram_activity\media\stories_ig_stories_196_media_metadata_video_metadata_music_genre_table.csv
2025-07-25 10:13:12,620 INFO: Created relational table: cleaned_csvs\your_instagram_activity\media\stories_ig_stories_197_media_metadata_video_metadata_music_genre_table.csv
2025-07-25 10:13:12,622 INFO: Created relational table: cleaned_csvs\your_instagram_activity\media\stories_ig_stories_200_media_metadata_photo_metadata_music_genre_table.csv
2025-07-25 10:13:12,624 INFO: Created relational table: cleaned_csvs\your_instagram_activity\media\stories_ig_stories_203_media_metadata_video_metadata_music_genre_table.csv
2025-07-25 10:13:12,626 INFO: Created relational table: cleaned_csvs\your_instagram_activity\media\stories_ig_stories_204_media_metadata_photo_metadata_music_genre_table.csv
2025-07-25 10:13:12,628 INFO: Created relational table: cleaned_csvs\your_instagram_activity\media\stories_ig_stories_209_media_metadata_video_metadata_music_genre_table.csv
2025-07-25 10:13:12,630 INFO: Created relational table: cleaned_csvs\your_instagram_activity\media\stories_ig_stories_217_media_metadata_video_metadata_music_genre_table.csv
2025-07-25 10:13:12,631 INFO: Created relational table: cleaned_csvs\your_instagram_activity\media\stories_ig_stories_218_media_metadata_video_metadata_music_genre_table.csv
2025-07-25 10:13:12,633 INFO: Created relational table: cleaned_csvs\your_instagram_activity\media\stories_ig_stories_220_media_metadata_photo_metadata_music_genre_table.csv
2025-07-25 10:13:12,634 INFO: Created relational table: cleaned_csvs\your_instagram_activity\media\stories_ig_stories_221_media_metadata_video_metadata_music_genre_table.csv
2025-07-25 10:13:12,636 INFO: Created relational table: cleaned_csvs\your_instagram_activity\media\stories_ig_stories_222_media_metadata_photo_metadata_music_genre_table.csv
2025-07-25 10:13:12,638 INFO: Created relational table: cleaned_csvs\your_instagram_activity\media\stories_ig_stories_223_media_metadata_video_metadata_music_genre_table.csv
2025-07-25 10:13:12,640 INFO: Created relational table: cleaned_csvs\your_instagram_activity\media\stories_ig_stories_225_media_metadata_video_metadata_music_genre_table.csv
2025-07-25 10:13:12,642 INFO: Created relational table: cleaned_csvs\your_instagram_activity\media\stories_ig_stories_230_media_metadata_photo_metadata_music_genre_table.csv
2025-07-25 10:13:12,644 INFO: Created relational table: cleaned_csvs\your_instagram_activity\media\stories_ig_stories_232_media_metadata_video_metadata_music_genre_table.csv
2025-07-25 10:13:12,645 INFO: Created relational table: cleaned_csvs\your_instagram_activity\media\stories_ig_stories_233_media_metadata_video_metadata_music_genre_table.csv
2025-07-25 10:13:12,647 INFO: Created relational table: cleaned_csvs\your_instagram_activity\media\stories_ig_stories_234_media_metadata_video_metadata_music_genre_table.csv
2025-07-25 10:13:12,649 INFO: Created relational table: cleaned_csvs\your_instagram_activity\media\stories_ig_stories_235_media_metadata_photo_metadata_music_genre_table.csv
2025-07-25 10:13:12,650 INFO: Created relational table: cleaned_csvs\your_instagram_activity\media\stories_ig_stories_237_media_metadata_video_metadata_music_genre_table.csv
2025-07-25 10:13:12,652 INFO: Created relational table: cleaned_csvs\your_instagram_activity\media\stories_ig_stories_240_media_metadata_video_metadata_music_genre_table.csv
2025-07-25 10:13:12,653 INFO: Created relational table: cleaned_csvs\your_instagram_activity\media\stories_ig_stories_241_media_metadata_video_metadata_music_genre_table.csv
2025-07-25 10:13:12,668 WARNING: Skipped empty file: instagram_jsons\your_instagram_activity\messages\ai_conversations.json
2025-07-25 10:13:12,699 INFO: Processed and saved: cleaned_csvs\your_instagram_activity\messages\secret_conversations_cleaned.csv
2025-07-25 10:13:12,766 INFO: Processed and saved: cleaned_csvs\your_instagram_activity\messages\your_chat_information_cleaned.csv
2025-07-25 10:13:12,805 INFO: Processed and saved: cleaned_csvs\your_instagram_activity\messages\inbox\1102189441180452\message_1_cleaned.csv
2025-07-25 10:13:12,888 INFO: Processed and saved: cleaned_csvs\your_instagram_activity\messages\inbox\1104990614232724\message_1_cleaned.csv
2025-07-25 10:13:12,890 INFO: Created relational table: cleaned_csvs\your_instagram_activity\messages\inbox\1104990614232724\message_1_content_table.csv
2025-07-25 10:13:12,892 INFO: Created relational table: cleaned_csvs\your_instagram_activity\messages\inbox\1104990614232724\message_1_share_share_text_table.csv
2025-07-25 10:13:12,919 INFO: Processed and saved: cleaned_csvs\your_instagram_activity\messages\inbox\1215433326517728\message_1_cleaned.csv
2025-07-25 10:13:12,946 INFO: Processed and saved: cleaned_csvs\your_instagram_activity\messages\inbox\1387695375964911\message_1_cleaned.csv
2025-07-25 10:13:12,989 INFO: Processed and saved: cleaned_csvs\your_instagram_activity\messages\inbox\17845425413785945\message_1_cleaned.csv
2025-07-25 10:13:13,446 INFO: Processed and saved: cleaned_csvs\your_instagram_activity\messages\inbox\17938606058278465\message_1_cleaned.csv
2025-07-25 10:13:13,453 INFO: Created relational table: cleaned_csvs\your_instagram_activity\messages\inbox\17938606058278465\message_1_content_table.csv
2025-07-25 10:13:13,456 INFO: Created relational table: cleaned_csvs\your_instagram_activity\messages\inbox\17938606058278465\message_1_share_share_text_table.csv
2025-07-25 10:13:13,490 INFO: Processed and saved: cleaned_csvs\your_instagram_activity\messages\inbox\17967653741622126\message_1_cleaned.csv
2025-07-25 10:13:13,510 INFO: Processed and saved: cleaned_csvs\your_instagram_activity\messages\inbox\17971984832560038\message_1_cleaned.csv
2025-07-25 10:13:13,535 INFO: Processed and saved: cleaned_csvs\your_instagram_activity\messages\inbox\17987084732349879\message_1_cleaned.csv
2025-07-25 10:13:13,564 INFO: Processed and saved: cleaned_csvs\your_instagram_activity\messages\inbox\17992807868188525\message_1_cleaned.csv
2025-07-25 10:13:13,593 INFO: Processed and saved: cleaned_csvs\your_instagram_activity\messages\inbox\17996313161292484\message_1_cleaned.csv
2025-07-25 10:13:13,620 INFO: Processed and saved: cleaned_csvs\your_instagram_activity\messages\inbox\18036085208115784\message_1_cleaned.csv
2025-07-25 10:13:13,729 INFO: Processed and saved: cleaned_csvs\your_instagram_activity\messages\inbox\4856202457772360\message_1_cleaned.csv
2025-07-25 10:13:13,731 INFO: Created relational table: cleaned_csvs\your_instagram_activity\messages\inbox\4856202457772360\message_1_content_table.csv
2025-07-25 10:13:13,733 INFO: Created relational table: cleaned_csvs\your_instagram_activity\messages\inbox\4856202457772360\message_1_share_share_text_table.csv
2025-07-25 10:13:13,756 INFO: Processed and saved: cleaned_csvs\your_instagram_activity\messages\inbox\8814585591952570\message_1_cleaned.csv
2025-07-25 10:13:13,786 INFO: Processed and saved: cleaned_csvs\your_instagram_activity\messages\inbox\976921297284833\message_1_cleaned.csv
2025-07-25 10:13:13,813 INFO: Processed and saved: cleaned_csvs\your_instagram_activity\messages\inbox\abhiram_1076987047018289\message_1_cleaned.csv
2025-07-25 10:13:13,835 INFO: Processed and saved: cleaned_csvs\your_instagram_activity\messages\inbox\abhishek_1454402419276059\message_1_cleaned.csv
2025-07-25 10:13:13,866 INFO: Processed and saved: cleaned_csvs\your_instagram_activity\messages\inbox\abhi_1245845870148186\message_1_cleaned.csv
2025-07-25 10:13:13,888 INFO: Processed and saved: cleaned_csvs\your_instagram_activity\messages\inbox\abi_1196403978413743\message_1_cleaned.csv
2025-07-25 10:13:13,915 INFO: Processed and saved: cleaned_csvs\your_instagram_activity\messages\inbox\abi_1498969311498573\message_1_cleaned.csv
2025-07-25 10:13:13,935 INFO: Processed and saved: cleaned_csvs\your_instagram_activity\messages\inbox\abi_17894768339785945\message_1_cleaned.csv
2025-07-25 10:13:13,959 INFO: Processed and saved: cleaned_csvs\your_instagram_activity\messages\inbox\adit_17971712300772246\message_1_cleaned.csv
2025-07-25 10:13:13,997 INFO: Processed and saved: cleaned_csvs\your_instagram_activity\messages\inbox\ajay_17966352395489205\message_1_cleaned.csv
2025-07-25 10:13:14,038 INFO: Processed and saved: cleaned_csvs\your_instagram_activity\messages\inbox\akashsamuel_1376902327043509\message_1_cleaned.csv
2025-07-25 10:13:14,068 INFO: Processed and saved: cleaned_csvs\your_instagram_activity\messages\inbox\akshaya_1175760283823711\message_1_cleaned.csv
2025-07-25 10:13:14,233 INFO: Processed and saved: cleaned_csvs\your_instagram_activity\messages\inbox\akshay_1016847866381637\message_1_cleaned.csv
2025-07-25 10:13:14,239 INFO: Created relational table: cleaned_csvs\your_instagram_activity\messages\inbox\akshay_1016847866381637\message_1_content_table.csv
2025-07-25 10:13:14,247 INFO: Created relational table: cleaned_csvs\your_instagram_activity\messages\inbox\akshay_1016847866381637\message_1_share_share_text_table.csv
2025-07-25 10:13:14,282 INFO: Processed and saved: cleaned_csvs\your_instagram_activity\messages\inbox\anandhudas_17919241841785945\message_1_cleaned.csv
2025-07-25 10:13:14,349 INFO: Processed and saved: cleaned_csvs\your_instagram_activity\messages\inbox\armaansayyad_943474893745776\message_1_cleaned.csv
2025-07-25 10:13:14,351 INFO: Created relational table: cleaned_csvs\your_instagram_activity\messages\inbox\armaansayyad_943474893745776\message_1_share_share_text_table.csv
2025-07-25 10:13:14,381 INFO: Processed and saved: cleaned_csvs\your_instagram_activity\messages\inbox\arrjun_817860679776800\message_1_cleaned.csv
2025-07-25 10:13:14,403 INFO: Processed and saved: cleaned_csvs\your_instagram_activity\messages\inbox\arunkumar_1349331059787257\message_1_cleaned.csv
2025-07-25 10:13:14,436 INFO: Processed and saved: cleaned_csvs\your_instagram_activity\messages\inbox\arun_17964910616785945\message_1_cleaned.csv
2025-07-25 10:13:14,464 INFO: Processed and saved: cleaned_csvs\your_instagram_activity\messages\inbox\aruwin_1222313832500419\message_1_cleaned.csv
2025-07-25 10:13:14,488 INFO: Processed and saved: cleaned_csvs\your_instagram_activity\messages\inbox\ashvanth_1530035918392700\message_1_cleaned.csv
2025-07-25 10:13:14,519 INFO: Processed and saved: cleaned_csvs\your_instagram_activity\messages\inbox\asvathhh_17980035530403465\message_1_cleaned.csv
2025-07-25 10:13:14,541 INFO: Processed and saved: cleaned_csvs\your_instagram_activity\messages\inbox\avinesh_1232660108130021\message_1_cleaned.csv
2025-07-25 10:13:14,561 INFO: Processed and saved: cleaned_csvs\your_instagram_activity\messages\inbox\ayshtsalmyra_17980341377177981\message_1_cleaned.csv
2025-07-25 10:13:14,583 INFO: Processed and saved: cleaned_csvs\your_instagram_activity\messages\inbox\aysh_17919299945785945\message_1_cleaned.csv
2025-07-25 10:13:14,612 INFO: Processed and saved: cleaned_csvs\your_instagram_activity\messages\inbox\balaji_17862287963764291\message_1_cleaned.csv
2025-07-25 10:13:14,633 INFO: Processed and saved: cleaned_csvs\your_instagram_activity\messages\inbox\barani_1661943661866365\message_1_cleaned.csv
2025-07-25 10:13:14,672 INFO: Processed and saved: cleaned_csvs\your_instagram_activity\messages\inbox\bharath_1126004408794353\message_1_cleaned.csv
2025-07-25 10:13:14,674 INFO: Created relational table: cleaned_csvs\your_instagram_activity\messages\inbox\bharath_1126004408794353\message_1_share_share_text_table.csv
2025-07-25 10:13:14,706 INFO: Processed and saved: cleaned_csvs\your_instagram_activity\messages\inbox\bhuvaneshwaran_18001126922415683\message_1_cleaned.csv
2025-07-25 10:13:14,727 INFO: Processed and saved: cleaned_csvs\your_instagram_activity\messages\inbox\bilal_17914578263785945\message_1_cleaned.csv
2025-07-25 10:13:14,753 INFO: Processed and saved: cleaned_csvs\your_instagram_activity\messages\inbox\bilimbe_17980835672584452\message_1_cleaned.csv
2025-07-25 10:13:14,784 INFO: Processed and saved: cleaned_csvs\your_instagram_activity\messages\inbox\bublooo_1275455860515309\message_1_cleaned.csv
2025-07-25 10:13:14,810 INFO: Processed and saved: cleaned_csvs\your_instagram_activity\messages\inbox\buvanesh_1348896809830414\message_1_cleaned.csv
2025-07-25 10:13:14,881 INFO: Processed and saved: cleaned_csvs\your_instagram_activity\messages\inbox\chanakkiyan_17844386870785945\message_1_cleaned.csv
2025-07-25 10:13:14,884 INFO: Created relational table: cleaned_csvs\your_instagram_activity\messages\inbox\chanakkiyan_17844386870785945\message_1_share_share_text_table.csv
2025-07-25 10:13:14,905 INFO: Processed and saved: cleaned_csvs\your_instagram_activity\messages\inbox\chanfashiongrooming_17960586200785945\message_1_cleaned.csv
2025-07-25 10:13:14,931 INFO: Processed and saved: cleaned_csvs\your_instagram_activity\messages\inbox\comedian_17859416309785945\message_1_cleaned.csv
2025-07-25 10:13:14,957 INFO: Processed and saved: cleaned_csvs\your_instagram_activity\messages\inbox\cunilkumar_1165743434819877\message_1_cleaned.csv
2025-07-25 10:13:15,012 INFO: Processed and saved: cleaned_csvs\your_instagram_activity\messages\inbox\daniel_17984465249462491\message_1_cleaned.csv
2025-07-25 10:13:15,017 INFO: Created relational table: cleaned_csvs\your_instagram_activity\messages\inbox\daniel_17984465249462491\message_1_share_share_text_table.csv
2025-07-25 10:13:15,059 INFO: Processed and saved: cleaned_csvs\your_instagram_activity\messages\inbox\deena_1398718311526318\message_1_cleaned.csv
2025-07-25 10:13:15,089 INFO: Processed and saved: cleaned_csvs\your_instagram_activity\messages\inbox\devaadhitya_1157391972316301\message_1_cleaned.csv
2025-07-25 10:13:15,128 INFO: Processed and saved: cleaned_csvs\your_instagram_activity\messages\inbox\dheeraj_1151781099553033\message_1_cleaned.csv
2025-07-25 10:13:15,131 INFO: Created relational table: cleaned_csvs\your_instagram_activity\messages\inbox\dheeraj_1151781099553033\message_1_share_share_text_table.csv
2025-07-25 10:13:15,206 INFO: Processed and saved: cleaned_csvs\your_instagram_activity\messages\inbox\dhinesh_17925682085371112\message_1_cleaned.csv
2025-07-25 10:13:15,209 INFO: Created relational table: cleaned_csvs\your_instagram_activity\messages\inbox\dhinesh_17925682085371112\message_1_content_table.csv
2025-07-25 10:13:15,241 INFO: Processed and saved: cleaned_csvs\your_instagram_activity\messages\inbox\dk_17984639507365861\message_1_cleaned.csv
2025-07-25 10:13:15,264 INFO: Processed and saved: cleaned_csvs\your_instagram_activity\messages\inbox\errormakesclever_18044909000176644\message_1_cleaned.csv
2025-07-25 10:13:15,299 INFO: Processed and saved: cleaned_csvs\your_instagram_activity\messages\inbox\finnhanleyphotographer_17950297925785945\message_1_cleaned.csv
2025-07-25 10:13:15,328 INFO: Processed and saved: cleaned_csvs\your_instagram_activity\messages\inbox\ghs_17953132628327119\message_1_cleaned.csv
2025-07-25 10:13:15,349 INFO: Processed and saved: cleaned_csvs\your_instagram_activity\messages\inbox\giriraghav_1649344553124829\message_1_cleaned.csv
2025-07-25 10:13:15,440 INFO: Processed and saved: cleaned_csvs\your_instagram_activity\messages\inbox\gnaneshwara_17898528536785945\message_1_cleaned.csv
2025-07-25 10:13:15,444 INFO: Created relational table: cleaned_csvs\your_instagram_activity\messages\inbox\gnaneshwara_17898528536785945\message_1_share_share_text_table.csv
2025-07-25 10:13:15,546 INFO: Processed and saved: cleaned_csvs\your_instagram_activity\messages\inbox\gokilan_1233735784689833\message_1_cleaned.csv
2025-07-25 10:13:15,549 INFO: Created relational table: cleaned_csvs\your_instagram_activity\messages\inbox\gokilan_1233735784689833\message_1_content_table.csv
2025-07-25 10:13:15,552 INFO: Created relational table: cleaned_csvs\your_instagram_activity\messages\inbox\gokilan_1233735784689833\message_1_share_share_text_table.csv
2025-07-25 10:13:15,605 INFO: Processed and saved: cleaned_csvs\your_instagram_activity\messages\inbox\gokul_17941443416364241\message_1_cleaned.csv
2025-07-25 10:13:15,608 INFO: Created relational table: cleaned_csvs\your_instagram_activity\messages\inbox\gokul_17941443416364241\message_1_share_share_text_table.csv
2025-07-25 10:13:15,636 INFO: Processed and saved: cleaned_csvs\your_instagram_activity\messages\inbox\gokul_567696264745771\message_1_cleaned.csv
2025-07-25 10:13:15,662 INFO: Processed and saved: cleaned_csvs\your_instagram_activity\messages\inbox\gowthamd_17917696157785945\message_1_cleaned.csv
2025-07-25 10:13:15,702 INFO: Processed and saved: cleaned_csvs\your_instagram_activity\messages\inbox\hanesh_17932325786264343\message_1_cleaned.csv
2025-07-25 10:13:15,703 INFO: Created relational table: cleaned_csvs\your_instagram_activity\messages\inbox\hanesh_17932325786264343\message_1_content_table.csv
2025-07-25 10:13:15,729 INFO: Processed and saved: cleaned_csvs\your_instagram_activity\messages\inbox\hareshvarmahesh_992456885484037\message_1_cleaned.csv
2025-07-25 10:13:15,751 INFO: Processed and saved: cleaned_csvs\your_instagram_activity\messages\inbox\hari0212_17933485724785945\message_1_cleaned.csv
2025-07-25 10:13:15,784 INFO: Processed and saved: cleaned_csvs\your_instagram_activity\messages\inbox\hariharan_17845413782785945\message_1_cleaned.csv
2025-07-25 10:13:15,805 INFO: Processed and saved: cleaned_csvs\your_instagram_activity\messages\inbox\hariprasath_17909063186904079\message_1_cleaned.csv
2025-07-25 10:13:15,829 INFO: Processed and saved: cleaned_csvs\your_instagram_activity\messages\inbox\hariprasath_18006865748518856\message_1_cleaned.csv
2025-07-25 10:13:15,875 INFO: Processed and saved: cleaned_csvs\your_instagram_activity\messages\inbox\harishnagaraj_1503459894386129\message_1_cleaned.csv
2025-07-25 10:13:15,901 INFO: Processed and saved: cleaned_csvs\your_instagram_activity\messages\inbox\harish_17985413780350342\message_1_cleaned.csv
2025-07-25 10:13:15,927 INFO: Processed and saved: cleaned_csvs\your_instagram_activity\messages\inbox\hari_1239715207419353\message_1_cleaned.csv
2025-07-25 10:13:15,967 INFO: Processed and saved: cleaned_csvs\your_instagram_activity\messages\inbox\har_1018692822860696\message_1_cleaned.csv
2025-07-25 10:13:15,992 INFO: Processed and saved: cleaned_csvs\your_instagram_activity\messages\inbox\hemanth_17996380445785945\message_1_cleaned.csv
2025-07-25 10:13:16,019 INFO: Processed and saved: cleaned_csvs\your_instagram_activity\messages\inbox\hem_17947772414534476\message_1_cleaned.csv
2025-07-25 10:13:16,171 INFO: Processed and saved: cleaned_csvs\your_instagram_activity\messages\inbox\immanuel_909783157070521\message_1_cleaned.csv
2025-07-25 10:13:16,176 INFO: Created relational table: cleaned_csvs\your_instagram_activity\messages\inbox\immanuel_909783157070521\message_1_content_table.csv
2025-07-25 10:13:16,181 INFO: Created relational table: cleaned_csvs\your_instagram_activity\messages\inbox\immanuel_909783157070521\message_1_share_share_text_table.csv
2025-07-25 10:13:16,233 INFO: Processed and saved: cleaned_csvs\your_instagram_activity\messages\inbox\instagramuser_17878179920785945\message_1_cleaned.csv
2025-07-25 10:13:16,236 INFO: Created relational table: cleaned_csvs\your_instagram_activity\messages\inbox\instagramuser_17878179920785945\message_1_content_table.csv
2025-07-25 10:13:16,238 INFO: Created relational table: cleaned_csvs\your_instagram_activity\messages\inbox\instagramuser_17878179920785945\message_1_share_share_text_table.csv
2025-07-25 10:13:16,276 INFO: Processed and saved: cleaned_csvs\your_instagram_activity\messages\inbox\instagramuser_17927098490359079\message_1_cleaned.csv
2025-07-25 10:13:16,304 INFO: Processed and saved: cleaned_csvs\your_instagram_activity\messages\inbox\instagramuser_17949770204445030\message_1_cleaned.csv
2025-07-25 10:13:16,330 INFO: Processed and saved: cleaned_csvs\your_instagram_activity\messages\inbox\instagramuser_17968016117785945\message_1_cleaned.csv
2025-07-25 10:13:16,357 INFO: Processed and saved: cleaned_csvs\your_instagram_activity\messages\inbox\instagramuser_17971831400585041\message_1_cleaned.csv
2025-07-25 10:13:16,393 INFO: Processed and saved: cleaned_csvs\your_instagram_activity\messages\inbox\instagramuser_17986042031514589\message_1_cleaned.csv
2025-07-25 10:13:16,395 INFO: Created relational table: cleaned_csvs\your_instagram_activity\messages\inbox\instagramuser_17986042031514589\message_1_content_table.csv
2025-07-25 10:13:16,419 INFO: Processed and saved: cleaned_csvs\your_instagram_activity\messages\inbox\instagramuser_18011727011473520\message_1_cleaned.csv
2025-07-25 10:13:16,447 INFO: Processed and saved: cleaned_csvs\your_instagram_activity\messages\inbox\instagramuser_18016479122148884\message_1_cleaned.csv
2025-07-25 10:13:16,448 INFO: Created relational table: cleaned_csvs\your_instagram_activity\messages\inbox\instagramuser_18016479122148884\message_1_share_share_text_table.csv
2025-07-25 10:13:16,476 INFO: Processed and saved: cleaned_csvs\your_instagram_activity\messages\inbox\instagramuser_845840120154686\message_1_cleaned.csv
2025-07-25 10:13:16,511 INFO: Processed and saved: cleaned_csvs\your_instagram_activity\messages\inbox\i_got_that_summertime_sadness_17945705171785945\message_1_cleaned.csv
2025-07-25 10:13:16,513 INFO: Created relational table: cleaned_csvs\your_instagram_activity\messages\inbox\i_got_that_summertime_sadness_17945705171785945\message_1_share_share_text_table.csv
2025-07-25 10:13:16,543 INFO: Processed and saved: cleaned_csvs\your_instagram_activity\messages\inbox\jaiaakaash_17964085319317192\message_1_cleaned.csv
2025-07-25 10:13:16,567 INFO: Processed and saved: cleaned_csvs\your_instagram_activity\messages\inbox\jai_17954643479453824\message_1_cleaned.csv
2025-07-25 10:13:16,665 INFO: Processed and saved: cleaned_csvs\your_instagram_activity\messages\inbox\jai_18031023851323635\message_1_cleaned.csv
2025-07-25 10:13:16,669 INFO: Created relational table: cleaned_csvs\your_instagram_activity\messages\inbox\jai_18031023851323635\message_1_share_share_text_table.csv
2025-07-25 10:13:16,702 INFO: Processed and saved: cleaned_csvs\your_instagram_activity\messages\inbox\jayan_17891826530785945\message_1_cleaned.csv
2025-07-25 10:13:16,730 INFO: Processed and saved: cleaned_csvs\your_instagram_activity\messages\inbox\jewel_17866948745785945\message_1_cleaned.csv
2025-07-25 10:13:16,757 INFO: Processed and saved: cleaned_csvs\your_instagram_activity\messages\inbox\kamalnath_1242164910513826\message_1_cleaned.csv
2025-07-25 10:13:16,796 INFO: Processed and saved: cleaned_csvs\your_instagram_activity\messages\inbox\kamessssssh_898590804872242\message_1_cleaned.csv
2025-07-25 10:13:16,821 INFO: Processed and saved: cleaned_csvs\your_instagram_activity\messages\inbox\kamlesh_17928870785746264\message_1_cleaned.csv
2025-07-25 10:13:16,846 INFO: Processed and saved: cleaned_csvs\your_instagram_activity\messages\inbox\kamssssss__17998177388785945\message_1_cleaned.csv
2025-07-25 10:13:16,875 INFO: Processed and saved: cleaned_csvs\your_instagram_activity\messages\inbox\kanisreya_17919178574785945\message_1_cleaned.csv
2025-07-25 10:13:16,904 INFO: Processed and saved: cleaned_csvs\your_instagram_activity\messages\inbox\kanojdabe_967890578029064\message_1_cleaned.csv
2025-07-25 10:13:17,039 INFO: Processed and saved: cleaned_csvs\your_instagram_activity\messages\inbox\karthik_1088205349239374\message_1_cleaned.csv
2025-07-25 10:13:17,044 INFO: Created relational table: cleaned_csvs\your_instagram_activity\messages\inbox\karthik_1088205349239374\message_1_content_table.csv
2025-07-25 10:13:17,049 INFO: Created relational table: cleaned_csvs\your_instagram_activity\messages\inbox\karthik_1088205349239374\message_1_share_share_text_table.csv
2025-07-25 10:13:17,080 INFO: Processed and saved: cleaned_csvs\your_instagram_activity\messages\inbox\karthiyinolagam_17945828570785945\message_1_cleaned.csv
2025-07-25 10:13:17,102 INFO: Processed and saved: cleaned_csvs\your_instagram_activity\messages\inbox\kaushik_17919269228785945\message_1_cleaned.csv
2025-07-25 10:13:17,185 INFO: Processed and saved: cleaned_csvs\your_instagram_activity\messages\inbox\keerthivasan_1099907594732175\message_1_cleaned.csv
2025-07-25 10:13:17,214 INFO: Processed and saved: cleaned_csvs\your_instagram_activity\messages\inbox\kirtti_486260574454154\message_1_cleaned.csv
2025-07-25 10:13:17,216 INFO: Created relational table: cleaned_csvs\your_instagram_activity\messages\inbox\kirtti_486260574454154\message_1_content_table.csv
2025-07-25 10:13:17,240 INFO: Processed and saved: cleaned_csvs\your_instagram_activity\messages\inbox\kishore_17994513080483486\message_1_cleaned.csv
2025-07-25 10:13:17,269 INFO: Processed and saved: cleaned_csvs\your_instagram_activity\messages\inbox\kishorkumar_17919240974785945\message_1_cleaned.csv
2025-07-25 10:13:17,294 INFO: Processed and saved: cleaned_csvs\your_instagram_activity\messages\inbox\kiznsae_1254576399272347\message_1_cleaned.csv
2025-07-25 10:13:17,314 INFO: Processed and saved: cleaned_csvs\your_instagram_activity\messages\inbox\krishnakant_17846354373248770\message_1_cleaned.csv
2025-07-25 10:13:17,341 INFO: Processed and saved: cleaned_csvs\your_instagram_activity\messages\inbox\krishna_1224869982241610\message_1_cleaned.csv
2025-07-25 10:13:17,367 INFO: Processed and saved: cleaned_csvs\your_instagram_activity\messages\inbox\krithik_17956017506517734\message_1_cleaned.csv
2025-07-25 10:13:17,415 INFO: Processed and saved: cleaned_csvs\your_instagram_activity\messages\inbox\kugan_17844252809785945\message_1_cleaned.csv
2025-07-25 10:13:17,418 INFO: Created relational table: cleaned_csvs\your_instagram_activity\messages\inbox\kugan_17844252809785945\message_1_content_table.csv
2025-07-25 10:13:17,474 INFO: Processed and saved: cleaned_csvs\your_instagram_activity\messages\inbox\kumaresh89_17933582096499383\message_1_cleaned.csv
2025-07-25 10:13:17,475 INFO: Created relational table: cleaned_csvs\your_instagram_activity\messages\inbox\kumaresh89_17933582096499383\message_1_share_share_text_table.csv
2025-07-25 10:13:17,689 INFO: Processed and saved: cleaned_csvs\your_instagram_activity\messages\inbox\kumarmates_9018820164814723\message_1_cleaned.csv
2025-07-25 10:13:17,694 INFO: Created relational table: cleaned_csvs\your_instagram_activity\messages\inbox\kumarmates_9018820164814723\message_1_content_table.csv
2025-07-25 10:13:17,701 INFO: Created relational table: cleaned_csvs\your_instagram_activity\messages\inbox\kumarmates_9018820164814723\message_1_share_share_text_table.csv
2025-07-25 10:13:17,735 INFO: Processed and saved: cleaned_csvs\your_instagram_activity\messages\inbox\kundhan_17846782496785945\message_1_cleaned.csv
2025-07-25 10:13:17,762 INFO: Processed and saved: cleaned_csvs\your_instagram_activity\messages\inbox\kwn_18000649973056691\message_1_cleaned.csv
2025-07-25 10:13:17,795 INFO: Processed and saved: cleaned_csvs\your_instagram_activity\messages\inbox\lakshu_881780956557364\message_1_cleaned.csv
2025-07-25 10:13:17,819 INFO: Processed and saved: cleaned_csvs\your_instagram_activity\messages\inbox\lathaphotography_18013742240478955\message_1_cleaned.csv
2025-07-25 10:13:17,848 INFO: Processed and saved: cleaned_csvs\your_instagram_activity\messages\inbox\lenin_18020420621417747\message_1_cleaned.csv
2025-07-25 10:13:17,881 INFO: Processed and saved: cleaned_csvs\your_instagram_activity\messages\inbox\lokeshrohith_17968068209785945\message_1_cleaned.csv
2025-07-25 10:13:17,908 INFO: Processed and saved: cleaned_csvs\your_instagram_activity\messages\inbox\madesh_18047854865351489\message_1_cleaned.csv
2025-07-25 10:13:17,948 INFO: Processed and saved: cleaned_csvs\your_instagram_activity\messages\inbox\madhan_17847199685785945\message_1_cleaned.csv
2025-07-25 10:13:17,951 INFO: Created relational table: cleaned_csvs\your_instagram_activity\messages\inbox\madhan_17847199685785945\message_1_share_share_text_table.csv
2025-07-25 10:13:17,972 INFO: Processed and saved: cleaned_csvs\your_instagram_activity\messages\inbox\madhavanb_1193295045396119\message_1_cleaned.csv
2025-07-25 10:13:18,000 INFO: Processed and saved: cleaned_csvs\your_instagram_activity\messages\inbox\manish_sj_17851603919785945\message_1_cleaned.csv
2025-07-25 10:13:18,044 INFO: Processed and saved: cleaned_csvs\your_instagram_activity\messages\inbox\manojkumar_17878165589785945\message_1_cleaned.csv
2025-07-25 10:13:18,046 INFO: Created relational table: cleaned_csvs\your_instagram_activity\messages\inbox\manojkumar_17878165589785945\message_1_content_table.csv
2025-07-25 10:13:18,048 INFO: Created relational table: cleaned_csvs\your_instagram_activity\messages\inbox\manojkumar_17878165589785945\message_1_share_share_text_table.csv
2025-07-25 10:13:18,069 INFO: Processed and saved: cleaned_csvs\your_instagram_activity\messages\inbox\manoj_18037633337082163\message_1_cleaned.csv
2025-07-25 10:13:18,098 INFO: Processed and saved: cleaned_csvs\your_instagram_activity\messages\inbox\mhmdly_17958234029590792\message_1_cleaned.csv
2025-07-25 10:13:18,142 INFO: Processed and saved: cleaned_csvs\your_instagram_activity\messages\inbox\mitrajith_966241044767273\message_1_cleaned.csv
2025-07-25 10:13:18,181 INFO: Processed and saved: cleaned_csvs\your_instagram_activity\messages\inbox\mohamedriyas_1139765900760198\message_1_cleaned.csv
2025-07-25 10:13:18,208 INFO: Processed and saved: cleaned_csvs\your_instagram_activity\messages\inbox\mohamedsaad_17972188466852346\message_1_cleaned.csv
2025-07-25 10:13:18,234 INFO: Processed and saved: cleaned_csvs\your_instagram_activity\messages\inbox\mohan_17996990630494911\message_1_cleaned.csv
2025-07-25 10:13:18,260 INFO: Processed and saved: cleaned_csvs\your_instagram_activity\messages\inbox\monishns_881009196619891\message_1_cleaned.csv
2025-07-25 10:13:18,288 INFO: Processed and saved: cleaned_csvs\your_instagram_activity\messages\inbox\mounishroyal_1210990543632843\message_1_cleaned.csv
2025-07-25 10:13:18,307 INFO: Processed and saved: cleaned_csvs\your_instagram_activity\messages\inbox\mr_vishwa_a_edits_17867307767785945\message_1_cleaned.csv
2025-07-25 10:13:18,787 INFO: Processed and saved: cleaned_csvs\your_instagram_activity\messages\inbox\multiuniversearriving_8437175016411113\message_1_cleaned.csv
2025-07-25 10:13:18,795 INFO: Created relational table: cleaned_csvs\your_instagram_activity\messages\inbox\multiuniversearriving_8437175016411113\message_1_content_table.csv
2025-07-25 10:13:18,798 INFO: Created relational table: cleaned_csvs\your_instagram_activity\messages\inbox\multiuniversearriving_8437175016411113\message_1_share_share_text_table.csv
2025-07-25 10:13:18,834 INFO: Processed and saved: cleaned_csvs\your_instagram_activity\messages\inbox\naiuna_17866934453785945\message_1_cleaned.csv
2025-07-25 10:13:18,860 INFO: Processed and saved: cleaned_csvs\your_instagram_activity\messages\inbox\nanireddy_17977613843233387\message_1_cleaned.csv
2025-07-25 10:13:18,884 INFO: Processed and saved: cleaned_csvs\your_instagram_activity\messages\inbox\nantakumarmarrumudesh07_9802972373116753\message_1_cleaned.csv
2025-07-25 10:13:18,957 INFO: Processed and saved: cleaned_csvs\your_instagram_activity\messages\inbox\nantakumar_929755885166177\message_1_cleaned.csv
2025-07-25 10:13:18,960 INFO: Created relational table: cleaned_csvs\your_instagram_activity\messages\inbox\nantakumar_929755885166177\message_1_share_share_text_table.csv
2025-07-25 10:13:18,991 INFO: Processed and saved: cleaned_csvs\your_instagram_activity\messages\inbox\naveenragau_17993703038530218\message_1_cleaned.csv
2025-07-25 10:13:19,017 INFO: Processed and saved: cleaned_csvs\your_instagram_activity\messages\inbox\nbugbl_17998038890388343\message_1_cleaned.csv
2025-07-25 10:13:19,039 INFO: Processed and saved: cleaned_csvs\your_instagram_activity\messages\inbox\nextstephub_17991370370785945\message_1_cleaned.csv
2025-07-25 10:13:19,062 INFO: Processed and saved: cleaned_csvs\your_instagram_activity\messages\inbox\nitheshkumar_17852954198785945\message_1_cleaned.csv
2025-07-25 10:13:19,090 INFO: Processed and saved: cleaned_csvs\your_instagram_activity\messages\inbox\nithinnithin_17968041092785945\message_1_cleaned.csv
2025-07-25 10:13:19,118 INFO: Processed and saved: cleaned_csvs\your_instagram_activity\messages\inbox\nnocent_1185912616134436\message_1_cleaned.csv
2025-07-25 10:13:19,140 INFO: Processed and saved: cleaned_csvs\your_instagram_activity\messages\inbox\omfspxms_17895869081785945\message_1_cleaned.csv
2025-07-25 10:13:19,168 INFO: Processed and saved: cleaned_csvs\your_instagram_activity\messages\inbox\o_1195066691888636\message_1_cleaned.csv
2025-07-25 10:13:19,206 INFO: Processed and saved: cleaned_csvs\your_instagram_activity\messages\inbox\padma_events_17942599181785945\message_1_cleaned.csv
2025-07-25 10:13:19,210 INFO: Created relational table: cleaned_csvs\your_instagram_activity\messages\inbox\padma_events_17942599181785945\message_1_share_share_text_table.csv
2025-07-25 10:13:19,251 INFO: Processed and saved: cleaned_csvs\your_instagram_activity\messages\inbox\prabhu_17919241340785945\message_1_cleaned.csv
2025-07-25 10:13:19,283 INFO: Processed and saved: cleaned_csvs\your_instagram_activity\messages\inbox\prajesh_1220631029331297\message_1_cleaned.csv
2025-07-25 10:13:19,309 INFO: Processed and saved: cleaned_csvs\your_instagram_activity\messages\inbox\pranavjayaraj_17958107474834371\message_1_cleaned.csv
2025-07-25 10:13:19,335 INFO: Processed and saved: cleaned_csvs\your_instagram_activity\messages\inbox\pranesh_1187140842676488\message_1_cleaned.csv
2025-07-25 10:13:19,357 INFO: Processed and saved: cleaned_csvs\your_instagram_activity\messages\inbox\pranuuuuuu__1031573438237739\message_1_cleaned.csv
2025-07-25 10:13:19,382 INFO: Processed and saved: cleaned_csvs\your_instagram_activity\messages\inbox\praveenkumar_17919251429785945\message_1_cleaned.csv
2025-07-25 10:13:19,405 INFO: Processed and saved: cleaned_csvs\your_instagram_activity\messages\inbox\praveen_17943921332785945\message_1_cleaned.csv
2025-07-25 10:13:19,436 INFO: Processed and saved: cleaned_csvs\your_instagram_activity\messages\inbox\priyanka_17932896086225092\message_1_cleaned.csv
2025-07-25 10:13:19,466 INFO: Processed and saved: cleaned_csvs\your_instagram_activity\messages\inbox\pukal_1343169723748441\message_1_cleaned.csv
2025-07-25 10:13:19,499 INFO: Processed and saved: cleaned_csvs\your_instagram_activity\messages\inbox\ragu_17979988301434845\message_1_cleaned.csv
2025-07-25 10:13:19,524 INFO: Processed and saved: cleaned_csvs\your_instagram_activity\messages\inbox\rahuldurai_17919283769785945\message_1_cleaned.csv
2025-07-25 10:13:19,551 INFO: Processed and saved: cleaned_csvs\your_instagram_activity\messages\inbox\rajan_1142813707107996\message_1_cleaned.csv
2025-07-25 10:13:19,581 INFO: Processed and saved: cleaned_csvs\your_instagram_activity\messages\inbox\rajivprasathh_17870695124712038\message_1_cleaned.csv
2025-07-25 10:13:19,612 INFO: Processed and saved: cleaned_csvs\your_instagram_activity\messages\inbox\revzz_s_pvt_17941094621785945\message_1_cleaned.csv
2025-07-25 10:13:19,614 INFO: Created relational table: cleaned_csvs\your_instagram_activity\messages\inbox\revzz_s_pvt_17941094621785945\message_1_share_share_text_table.csv
2025-07-25 10:13:19,638 INFO: Processed and saved: cleaned_csvs\your_instagram_activity\messages\inbox\rev_17907812363785945\message_1_cleaned.csv
2025-07-25 10:13:19,665 INFO: Processed and saved: cleaned_csvs\your_instagram_activity\messages\inbox\rishi_1251463406244382\message_1_cleaned.csv
2025-07-25 10:13:19,696 INFO: Processed and saved: cleaned_csvs\your_instagram_activity\messages\inbox\rithik_17919209999785945\message_1_cleaned.csv
2025-07-25 10:13:19,723 INFO: Processed and saved: cleaned_csvs\your_instagram_activity\messages\inbox\rogheeth_17919246962785945\message_1_cleaned.csv
2025-07-25 10:13:19,745 INFO: Processed and saved: cleaned_csvs\your_instagram_activity\messages\inbox\rohith_17993806289785945\message_1_cleaned.csv
2025-07-25 10:13:19,773 INFO: Processed and saved: cleaned_csvs\your_instagram_activity\messages\inbox\rohith__17948028326280892\message_1_cleaned.csv
2025-07-25 10:13:19,795 INFO: Processed and saved: cleaned_csvs\your_instagram_activity\messages\inbox\rojinksanthosh_17914505105785945\message_1_cleaned.csv
2025-07-25 10:13:19,835 INFO: Processed and saved: cleaned_csvs\your_instagram_activity\messages\inbox\rubesh_17970090866172563\message_1_cleaned.csv
2025-07-25 10:13:19,864 INFO: Processed and saved: cleaned_csvs\your_instagram_activity\messages\inbox\ruzaim___1228687745193156\message_1_cleaned.csv
2025-07-25 10:13:19,891 INFO: Processed and saved: cleaned_csvs\your_instagram_activity\messages\inbox\sabari_17968071065785945\message_1_cleaned.csv
2025-07-25 10:13:19,917 INFO: Processed and saved: cleaned_csvs\your_instagram_activity\messages\inbox\sabeena_17851890396028265\message_1_cleaned.csv
2025-07-25 10:13:19,936 INFO: Processed and saved: cleaned_csvs\your_instagram_activity\messages\inbox\sahana_17903631017713751\message_1_cleaned.csv
2025-07-25 10:13:19,961 INFO: Processed and saved: cleaned_csvs\your_instagram_activity\messages\inbox\saktheshwaran_17968041953785945\message_1_cleaned.csv
2025-07-25 10:13:19,991 INFO: Processed and saved: cleaned_csvs\your_instagram_activity\messages\inbox\sandy_17908039877785945\message_1_cleaned.csv
2025-07-25 10:13:20,020 INFO: Processed and saved: cleaned_csvs\your_instagram_activity\messages\inbox\sanjay_1197481724978327\message_1_cleaned.csv
2025-07-25 10:13:20,047 INFO: Processed and saved: cleaned_csvs\your_instagram_activity\messages\inbox\sanjay_17bushan__1278428756877605\message_1_cleaned.csv
2025-07-25 10:13:20,078 INFO: Processed and saved: cleaned_csvs\your_instagram_activity\messages\inbox\sanjeev_878087610503661\message_1_cleaned.csv
2025-07-25 10:13:20,100 INFO: Processed and saved: cleaned_csvs\your_instagram_activity\messages\inbox\santa_17915386271785945\message_1_cleaned.csv
2025-07-25 10:13:20,139 INFO: Processed and saved: cleaned_csvs\your_instagram_activity\messages\inbox\santhosh_17913712169785945\message_1_cleaned.csv
2025-07-25 10:13:20,141 INFO: Created relational table: cleaned_csvs\your_instagram_activity\messages\inbox\santhosh_17913712169785945\message_1_share_share_text_table.csv
2025-07-25 10:13:20,172 INFO: Processed and saved: cleaned_csvs\your_instagram_activity\messages\inbox\saran_577139633804688\message_1_cleaned.csv
2025-07-25 10:13:20,210 INFO: Processed and saved: cleaned_csvs\your_instagram_activity\messages\inbox\sarathy_17974611206100744\message_1_cleaned.csv
2025-07-25 10:13:20,234 INFO: Processed and saved: cleaned_csvs\your_instagram_activity\messages\inbox\sara_940567687339686\message_1_cleaned.csv
2025-07-25 10:13:20,263 INFO: Processed and saved: cleaned_csvs\your_instagram_activity\messages\inbox\sarvesh_793_17919264089785945\message_1_cleaned.csv
2025-07-25 10:13:20,297 INFO: Processed and saved: cleaned_csvs\your_instagram_activity\messages\inbox\shady_970952597635179\message_1_cleaned.csv
2025-07-25 10:13:20,331 INFO: Processed and saved: cleaned_csvs\your_instagram_activity\messages\inbox\shaktivel_17919247766785945\message_1_cleaned.csv
2025-07-25 10:13:20,378 INFO: Processed and saved: cleaned_csvs\your_instagram_activity\messages\inbox\shameer_17920055384396784\message_1_cleaned.csv
2025-07-25 10:13:20,400 INFO: Processed and saved: cleaned_csvs\your_instagram_activity\messages\inbox\shashankprabu_1122147682504249\message_1_cleaned.csv
2025-07-25 10:13:20,421 INFO: Processed and saved: cleaned_csvs\your_instagram_activity\messages\inbox\shfyq_17854209323785945\message_1_cleaned.csv
2025-07-25 10:13:20,452 INFO: Processed and saved: cleaned_csvs\your_instagram_activity\messages\inbox\shiyamsundar_17989302665254114\message_1_cleaned.csv
2025-07-25 10:13:20,480 INFO: Processed and saved: cleaned_csvs\your_instagram_activity\messages\inbox\shubhxmpatil_839071547482047\message_1_cleaned.csv
2025-07-25 10:13:20,500 INFO: Processed and saved: cleaned_csvs\your_instagram_activity\messages\inbox\shyamk06_756118272509833\message_1_cleaned.csv
2025-07-25 10:13:20,525 INFO: Processed and saved: cleaned_csvs\your_instagram_activity\messages\inbox\siran_king__17967693092451124\message_1_cleaned.csv
2025-07-25 10:13:20,567 INFO: Processed and saved: cleaned_csvs\your_instagram_activity\messages\inbox\sj_734455928193662\message_1_cleaned.csv
2025-07-25 10:13:20,596 INFO: Processed and saved: cleaned_csvs\your_instagram_activity\messages\inbox\smd_17967131810785945\message_1_cleaned.csv
2025-07-25 10:13:20,648 INFO: Processed and saved: cleaned_csvs\your_instagram_activity\messages\inbox\sridharansharma_17845528874785945\message_1_cleaned.csv
2025-07-25 10:13:20,650 INFO: Created relational table: cleaned_csvs\your_instagram_activity\messages\inbox\sridharansharma_17845528874785945\message_1_content_table.csv
2025-07-25 10:13:20,672 INFO: Processed and saved: cleaned_csvs\your_instagram_activity\messages\inbox\sridharansharma_17850947102785945\message_1_cleaned.csv
2025-07-25 10:13:20,698 INFO: Processed and saved: cleaned_csvs\your_instagram_activity\messages\inbox\sriniv_17914700795785945\message_1_cleaned.csv
2025-07-25 10:13:20,723 INFO: Processed and saved: cleaned_csvs\your_instagram_activity\messages\inbox\srisanjai_17891394572785945\message_1_cleaned.csv
2025-07-25 10:13:20,761 INFO: Processed and saved: cleaned_csvs\your_instagram_activity\messages\inbox\sri_17944756904093157\message_1_cleaned.csv
2025-07-25 10:13:20,763 INFO: Created relational table: cleaned_csvs\your_instagram_activity\messages\inbox\sri_17944756904093157\message_1_share_share_text_table.csv
2025-07-25 10:13:20,787 INFO: Processed and saved: cleaned_csvs\your_instagram_activity\messages\inbox\stayclassy_17972226416785945\message_1_cleaned.csv
2025-07-25 10:13:20,811 INFO: Processed and saved: cleaned_csvs\your_instagram_activity\messages\inbox\st_17989726058200939\message_1_cleaned.csv
2025-07-25 10:13:20,841 INFO: Processed and saved: cleaned_csvs\your_instagram_activity\messages\inbox\sugeshjr_17989400795785945\message_1_cleaned.csv
2025-07-25 10:13:20,868 INFO: Processed and saved: cleaned_csvs\your_instagram_activity\messages\inbox\sujeeth_17852954189785945\message_1_cleaned.csv
2025-07-25 10:13:21,009 INFO: Processed and saved: cleaned_csvs\your_instagram_activity\messages\inbox\surender_17942308391429349\message_1_cleaned.csv
2025-07-25 10:13:21,014 INFO: Created relational table: cleaned_csvs\your_instagram_activity\messages\inbox\surender_17942308391429349\message_1_content_table.csv
2025-07-25 10:13:21,021 INFO: Created relational table: cleaned_csvs\your_instagram_activity\messages\inbox\surender_17942308391429349\message_1_share_share_text_table.csv
2025-07-25 10:13:21,043 INFO: Processed and saved: cleaned_csvs\your_instagram_activity\messages\inbox\surenmanofsteel_17967014711275114\message_1_cleaned.csv
2025-07-25 10:13:21,044 INFO: Created relational table: cleaned_csvs\your_instagram_activity\messages\inbox\surenmanofsteel_17967014711275114\message_1_share_share_text_table.csv
2025-07-25 10:13:21,077 INFO: Processed and saved: cleaned_csvs\your_instagram_activity\messages\inbox\susaa_1261282241934234\message_1_cleaned.csv
2025-07-25 10:13:21,147 INFO: Processed and saved: cleaned_csvs\your_instagram_activity\messages\inbox\s_17878708763785945\message_1_cleaned.csv
2025-07-25 10:13:21,149 INFO: Created relational table: cleaned_csvs\your_instagram_activity\messages\inbox\s_17878708763785945\message_1_share_share_text_table.csv
2025-07-25 10:13:21,171 INFO: Processed and saved: cleaned_csvs\your_instagram_activity\messages\inbox\s_17968030088785945\message_1_cleaned.csv
2025-07-25 10:13:21,172 INFO: Created relational table: cleaned_csvs\your_instagram_activity\messages\inbox\s_17968030088785945\message_1_content_table.csv
2025-07-25 10:13:21,193 INFO: Processed and saved: cleaned_csvs\your_instagram_activity\messages\inbox\s_17994369893785945\message_1_cleaned.csv
2025-07-25 10:13:21,224 INFO: Processed and saved: cleaned_csvs\your_instagram_activity\messages\inbox\s_17994407696785945\message_1_cleaned.csv
2025-07-25 10:13:21,257 INFO: Processed and saved: cleaned_csvs\your_instagram_activity\messages\inbox\tamil_1214535166607480\message_1_cleaned.csv
2025-07-25 10:13:21,277 INFO: Processed and saved: cleaned_csvs\your_instagram_activity\messages\inbox\tamil_1325414228854517\message_1_cleaned.csv
2025-07-25 10:13:21,302 INFO: Processed and saved: cleaned_csvs\your_instagram_activity\messages\inbox\tejas_1157446018987513\message_1_cleaned.csv
2025-07-25 10:13:21,370 INFO: Processed and saved: cleaned_csvs\your_instagram_activity\messages\inbox\teja_17846817743785945\message_1_cleaned.csv
2025-07-25 10:13:21,373 INFO: Created relational table: cleaned_csvs\your_instagram_activity\messages\inbox\teja_17846817743785945\message_1_share_share_text_table.csv
2025-07-25 10:13:21,395 INFO: Processed and saved: cleaned_csvs\your_instagram_activity\messages\inbox\thanush_17886891665910970\message_1_cleaned.csv
2025-07-25 10:13:21,413 INFO: Processed and saved: cleaned_csvs\your_instagram_activity\messages\inbox\tharoon_18011584784636189\message_1_cleaned.csv
2025-07-25 10:13:21,432 INFO: Processed and saved: cleaned_csvs\your_instagram_activity\messages\inbox\thegeekayworldschool_1199814808073420\message_1_cleaned.csv
2025-07-25 10:13:21,468 INFO: Processed and saved: cleaned_csvs\your_instagram_activity\messages\inbox\t_17997965600304600\message_1_cleaned.csv
2025-07-25 10:13:21,470 INFO: Created relational table: cleaned_csvs\your_instagram_activity\messages\inbox\t_17997965600304600\message_1_share_share_text_table.csv
2025-07-25 10:13:21,589 INFO: Processed and saved: cleaned_csvs\your_instagram_activity\messages\inbox\udesh07_17851366857038233\message_1_cleaned.csv
2025-07-25 10:13:21,591 INFO: Created relational table: cleaned_csvs\your_instagram_activity\messages\inbox\udesh07_17851366857038233\message_1_content_table.csv
2025-07-25 10:13:21,594 INFO: Created relational table: cleaned_csvs\your_instagram_activity\messages\inbox\udesh07_17851366857038233\message_1_share_share_text_table.csv
2025-07-25 10:13:21,817 INFO: Processed and saved: cleaned_csvs\your_instagram_activity\messages\inbox\udesh_17867156663785945\message_1_cleaned.csv
2025-07-25 10:13:21,822 INFO: Created relational table: cleaned_csvs\your_instagram_activity\messages\inbox\udesh_17867156663785945\message_1_content_table.csv
2025-07-25 10:13:21,828 INFO: Created relational table: cleaned_csvs\your_instagram_activity\messages\inbox\udesh_17867156663785945\message_1_share_share_text_table.csv
2025-07-25 10:13:21,853 INFO: Processed and saved: cleaned_csvs\your_instagram_activity\messages\inbox\un_17950436231657496\message_1_cleaned.csv
2025-07-25 10:13:21,872 INFO: Processed and saved: cleaned_csvs\your_instagram_activity\messages\inbox\varshini_17992931213785945\message_1_cleaned.csv
2025-07-25 10:13:21,947 INFO: Processed and saved: cleaned_csvs\your_instagram_activity\messages\inbox\varun_1133497521581855\message_1_cleaned.csv
2025-07-25 10:13:21,950 INFO: Created relational table: cleaned_csvs\your_instagram_activity\messages\inbox\varun_1133497521581855\message_1_content_table.csv
2025-07-25 10:13:21,952 INFO: Created relational table: cleaned_csvs\your_instagram_activity\messages\inbox\varun_1133497521581855\message_1_share_share_text_table.csv
2025-07-25 10:13:21,979 INFO: Processed and saved: cleaned_csvs\your_instagram_activity\messages\inbox\vasanth_18013323008443050\message_1_cleaned.csv
2025-07-25 10:13:22,005 INFO: Processed and saved: cleaned_csvs\your_instagram_activity\messages\inbox\vats_17915525591522453\message_1_cleaned.csv
2025-07-25 10:13:22,029 INFO: Processed and saved: cleaned_csvs\your_instagram_activity\messages\inbox\vidhuran_17941542995785945\message_1_cleaned.csv
2025-07-25 10:13:22,047 INFO: Processed and saved: cleaned_csvs\your_instagram_activity\messages\inbox\vignesh_1430292181693606\message_1_cleaned.csv
2025-07-25 10:13:22,068 INFO: Processed and saved: cleaned_csvs\your_instagram_activity\messages\inbox\vijayragula_17903843162785945\message_1_cleaned.csv
2025-07-25 10:13:22,128 INFO: Processed and saved: cleaned_csvs\your_instagram_activity\messages\inbox\vishal_17944899410785945\message_1_cleaned.csv
2025-07-25 10:13:22,130 INFO: Created relational table: cleaned_csvs\your_instagram_activity\messages\inbox\vishal_17944899410785945\message_1_share_share_text_table.csv
2025-07-25 10:13:22,149 INFO: Processed and saved: cleaned_csvs\your_instagram_activity\messages\inbox\vishnutejab_17950792199785945\message_1_cleaned.csv
2025-07-25 10:13:22,171 INFO: Processed and saved: cleaned_csvs\your_instagram_activity\messages\inbox\vishnu_1126949162024592\message_1_cleaned.csv
2025-07-25 10:13:22,195 INFO: Processed and saved: cleaned_csvs\your_instagram_activity\messages\inbox\viszalsiva_1104619167594091\message_1_cleaned.csv
2025-07-25 10:13:22,221 INFO: Processed and saved: cleaned_csvs\your_instagram_activity\messages\inbox\vivina_18006003374252757\message_1_cleaned.csv
2025-07-25 10:13:22,256 INFO: Processed and saved: cleaned_csvs\your_instagram_activity\messages\inbox\world_oftravel__17891028857785945\message_1_cleaned.csv
2025-07-25 10:13:22,280 INFO: Processed and saved: cleaned_csvs\your_instagram_activity\messages\inbox\yasark_17954729642785945\message_1_cleaned.csv
2025-07-25 10:13:22,329 INFO: Processed and saved: cleaned_csvs\your_instagram_activity\messages\inbox\yaswanth_17844379232785945\message_1_cleaned.csv
2025-07-25 10:13:22,332 INFO: Created relational table: cleaned_csvs\your_instagram_activity\messages\inbox\yaswanth_17844379232785945\message_1_content_table.csv
2025-07-25 10:13:22,561 INFO: Processed and saved: cleaned_csvs\your_instagram_activity\messages\inbox\yk_17936701625168241\message_1_cleaned.csv
2025-07-25 10:13:22,565 INFO: Created relational table: cleaned_csvs\your_instagram_activity\messages\inbox\yk_17936701625168241\message_1_content_table.csv
2025-07-25 10:13:22,571 INFO: Created relational table: cleaned_csvs\your_instagram_activity\messages\inbox\yk_17936701625168241\message_1_share_share_text_table.csv
2025-07-25 10:13:22,599 INFO: Processed and saved: cleaned_csvs\your_instagram_activity\messages\inbox\yogendhara_17931661541785945\message_1_cleaned.csv
2025-07-25 10:13:22,630 INFO: Processed and saved: cleaned_csvs\your_instagram_activity\messages\inbox\yugi_1513821653345795\message_1_cleaned.csv
2025-07-25 10:13:22,660 INFO: Processed and saved: cleaned_csvs\your_instagram_activity\messages\inbox\yuvan_17919213722785945\message_1_cleaned.csv
2025-07-25 10:13:22,687 INFO: Processed and saved: cleaned_csvs\your_instagram_activity\messages\inbox\yuvarajaravi_1137143617689002\message_1_cleaned.csv
2025-07-25 10:13:22,709 INFO: Processed and saved: cleaned_csvs\your_instagram_activity\messages\inbox\yuva_17942056394785945\message_1_cleaned.csv
2025-07-25 10:13:22,733 INFO: Processed and saved: cleaned_csvs\your_instagram_activity\messages\inbox\_abdul__0_1206874417373603\message_1_cleaned.csv
2025-07-25 10:13:22,758 INFO: Processed and saved: cleaned_csvs\your_instagram_activity\messages\inbox\_gilli__17939046311185574\message_1_cleaned.csv
2025-07-25 10:13:22,784 INFO: Processed and saved: cleaned_csvs\your_instagram_activity\messages\inbox\_im_sham___899354194800350\message_1_cleaned.csv
2025-07-25 10:13:22,909 INFO: Processed and saved: cleaned_csvs\your_instagram_activity\messages\inbox\_saturn17white__798228418255038\message_1_cleaned.csv
2025-07-25 10:13:22,912 INFO: Created relational table: cleaned_csvs\your_instagram_activity\messages\inbox\_saturn17white__798228418255038\message_1_content_table.csv
2025-07-25 10:13:22,915 INFO: Created relational table: cleaned_csvs\your_instagram_activity\messages\inbox\_saturn17white__798228418255038\message_1_share_share_text_table.csv
2025-07-25 10:13:22,938 INFO: Processed and saved: cleaned_csvs\your_instagram_activity\messages\inbox\_sreeekanth__17864425142785945\message_1_cleaned.csv
2025-07-25 10:13:22,960 INFO: Processed and saved: cleaned_csvs\your_instagram_activity\messages\inbox\__asvath____king_562998491942340\message_1_cleaned.csv
2025-07-25 10:13:22,991 INFO: Processed and saved: cleaned_csvs\your_instagram_activity\messages\inbox\__kugann_1037125494350902\message_1_cleaned.csv
2025-07-25 10:13:23,043 INFO: Processed and saved: cleaned_csvs\your_instagram_activity\messages\inbox\__sharunnn_537957261129278\message_1_cleaned.csv
2025-07-25 10:13:23,045 INFO: Created relational table: cleaned_csvs\your_instagram_activity\messages\inbox\__sharunnn_537957261129278\message_1_share_share_text_table.csv
2025-07-25 10:13:23,069 INFO: Processed and saved: cleaned_csvs\your_instagram_activity\messages\message_requests\17965793642819253\message_1_cleaned.csv
2025-07-25 10:13:23,092 INFO: Processed and saved: cleaned_csvs\your_instagram_activity\messages\message_requests\17994369092785945\message_1_cleaned.csv
2025-07-25 10:13:23,117 INFO: Processed and saved: cleaned_csvs\your_instagram_activity\messages\message_requests\instagramuserdhanamariampiqueraestevezmarrum23per_6800433820024985\message_1_cleaned.csv
2025-07-25 10:13:23,120 INFO: Created relational table: cleaned_csvs\your_instagram_activity\messages\message_requests\instagramuserdhanamariampiqueraestevezmarrum23per_6800433820024985\message_1_content_table.csv
2025-07-25 10:13:23,139 INFO: Processed and saved: cleaned_csvs\your_instagram_activity\messages\message_requests\lb_17948021558785945\message_1_cleaned.csv
2025-07-25 10:13:23,162 INFO: Processed and saved: cleaned_csvs\your_instagram_activity\messages\message_requests\muslim_17880031122160448\message_1_cleaned.csv
2025-07-25 10:13:23,181 INFO: Processed and saved: cleaned_csvs\your_instagram_activity\messages\message_requests\selvam_17850474441293392\message_1_cleaned.csv
2025-07-25 10:13:23,210 INFO: Processed and saved: cleaned_csvs\your_instagram_activity\messages\message_requests\shelbykishor_96_creationabimukeshmarrum24per_6889192777830954\message_1_cleaned.csv
2025-07-25 10:13:23,212 INFO: Created relational table: cleaned_csvs\your_instagram_activity\messages\message_requests\shelbykishor_96_creationabimukeshmarrum24per_6889192777830954\message_1_content_table.csv
2025-07-25 10:13:23,241 INFO: Processed and saved: cleaned_csvs\your_instagram_activity\monetization\eligibility_cleaned.csv
2025-07-25 10:13:23,253 WARNING: Skipped empty file: instagram_jsons\your_instagram_activity\other_activity\surveys.json
2025-07-25 10:13:27,161 INFO: Processed and saved: cleaned_csvs\your_instagram_activity\other_activity\time_spent_on_instagram_cleaned.csv
2025-07-25 10:13:27,194 INFO: Processed and saved: cleaned_csvs\your_instagram_activity\saved\saved_music_cleaned.csv
2025-07-25 10:13:34,877 INFO: Processed and saved: cleaned_csvs\your_instagram_activity\saved\saved_posts_cleaned.csv
2025-07-25 10:13:34,951 INFO: Processed and saved: cleaned_csvs\your_instagram_activity\story_interactions\avatar_story_reactions_cleaned.csv
2025-07-25 10:13:35,013 INFO: Processed and saved: cleaned_csvs\your_instagram_activity\story_interactions\emoji_sliders_cleaned.csv
2025-07-25 10:13:35,367 INFO: Processed and saved: cleaned_csvs\your_instagram_activity\story_interactions\polls_cleaned.csv
2025-07-25 10:13:35,396 INFO: Processed and saved: cleaned_csvs\your_instagram_activity\story_interactions\quizzes_cleaned.csv
2025-07-25 10:14:22,979 INFO: Processed and saved: cleaned_csvs\your_instagram_activity\story_interactions\story_likes_cleaned.csv
2025-07-25 10:14:23,084 INFO: Processed and saved: cleaned_csvs\your_instagram_activity\story_interactions\story_reaction_sticker_reactions_cleaned.csv
2025-07-25 10:14:23,103 INFO: Processed and saved: cleaned_csvs\your_instagram_activity\subscriptions\show_exclusive_story_promo_setting_cleaned.csv
2025-07-25 10:14:23,121 INFO: Processed and saved: cleaned_csvs\your_instagram_activity\subscriptions\your_muted_story_teaser_creators_cleaned.csv
2025-07-25 10:14:23,144 INFO: Processed and saved: cleaned_csvs\your_instagram_activity\threads\blocked_profiles_cleaned.csv
2025-07-25 10:14:23,356 INFO: Processed and saved: cleaned_csvs\your_instagram_activity\threads\followers_cleaned.csv
2025-07-25 10:14:23,520 INFO: Processed and saved: cleaned_csvs\your_instagram_activity\threads\following_cleaned.csv
2025-07-25 10:14:23,890 INFO: Processed and saved: cleaned_csvs\your_instagram_activity\threads\follow_requests_you've_received_cleaned.csv
2025-07-25 10:14:23,937 INFO: Processed and saved: cleaned_csvs\your_instagram_activity\threads\pending_follow_requests_cleaned.csv
2025-07-25 10:14:24,014 INFO: Processed and saved: cleaned_csvs\your_instagram_activity\threads\personal_information_cleaned.csv
2025-07-25 10:14:24,038 INFO: Processed and saved: cleaned_csvs\your_instagram_activity\threads\recently_unfollowed_profiles_cleaned.csv
2025-07-25 10:14:24,194 INFO: Processed and saved: cleaned_csvs\your_instagram_activity\threads\recent_follow_requests_cleaned.csv
2025-07-25 10:14:24,227 INFO: Processed and saved: cleaned_csvs\your_instagram_activity\threads\threads_viewed_cleaned.csv
2025-07-25 10:14:24,227 INFO: SUMMARY:
2025-07-25 10:14:24,227 INFO: Files processed: 334
2025-07-25 10:14:24,227 INFO: Relational tables: 149
2025-07-25 10:14:24,227 INFO: Empty files: 9
2025-07-25 10:14:24,227 INFO: Errors: 0
